<?xml version="1.0" encoding="UTF-8"?>
<!-- Generated by org.testng.reporters.JUnitXMLReporter -->
<testsuite hostname="HarishGarg" ignored="2" name="login test cases" tests="4" failures="0" timestamp="03 Oct 2019 15:20:14 GMT" time="0.098" errors="0">
  <testcase name="Login_UI" time="0.02" classname="com.Login"/>
  <testcase name="login_google" time="0.001" classname="com.Login"/>
  <testcase name="Signup_UI" time="0.0" classname="com.Signup"/>
  <testcase name="Signup_google" time="0.0" classname="com.Signup"/>
  <testcase name="Login_facebook" time="0.0" classname="com.Login">
    <ignored/>
  </testcase> <!-- Login_facebook -->
  <testcase name="Signup_Facebook" time="0.0" classname="com.Signup">
    <ignored/>
  </testcase> <!-- Signup_Facebook -->
</testsuite> <!-- login test cases -->
