<?xml version="1.0" encoding="UTF-8"?>
<testng-results skipped="0" failed="0" total="2" passed="2">
  <reporter-output>
  </reporter-output>
  <suite name="Default suite" duration-ms="115" started-at="2019-08-10T15:39:49Z" finished-at="2019-08-10T15:39:50Z">
    <groups>
    </groups>
    <test name="Default test" duration-ms="115" started-at="2019-08-10T15:39:49Z" finished-at="2019-08-10T15:39:50Z">
      <class name="com.Login">
        <test-method status="PASS" signature="test1()[pri:0, instance:com.Login@763d9750]" name="test1" duration-ms="41" started-at="2019-08-10T21:09:50Z" finished-at="2019-08-10T21:09:50Z">
          <reporter-output>
          </reporter-output>
        </test-method> <!-- test1 -->
        <test-method status="PASS" signature="test2()[pri:0, instance:com.Login@763d9750]" name="test2" duration-ms="3" started-at="2019-08-10T21:09:50Z" finished-at="2019-08-10T21:09:50Z">
          <reporter-output>
          </reporter-output>
        </test-method> <!-- test2 -->
      </class> <!-- com.Login -->
    </test> <!-- Default test -->
  </suite> <!-- Default suite -->
</testng-results>
