<?xml version="1.0" encoding="UTF-8"?>
<!-- Generated by org.testng.reporters.JUnitXMLReporter -->
<testsuite hostname="HarishGarg" ignored="1" name="Default test" tests="2" failures="0" timestamp="10 Aug 2019 11:55:58 GMT" time="0.102" errors="0">
  <testcase name="testCaseConditionalSkipException" time="0.028" classname="com.expectedExceptions"/>
  <testcase name="testCaseSkipException" time="0.002" classname="com.expectedExceptions">
    <skipped/>
  </testcase> <!-- testCaseSkipException -->
  <testcase name="testCaseEnabling" time="0.0" classname="com.expectedExceptions">
    <ignored/>
  </testcase> <!-- testCaseEnabling -->
</testsuite> <!-- Default test -->
