<?xml version="1.0" encoding="UTF-8"?>
<!-- Generated by org.testng.reporters.JUnitXMLReporter -->
<testsuite hostname="HarishGarg" ignored="1" name="login test cases" tests="4" failures="0" timestamp="10 Aug 2019 11:16:33 GMT" time="0.153" errors="0">
  <testcase name="login_facebook" time="0.032" classname="com.Login"/>
  <testcase name="login_google" time="0.008" classname="com.Login"/>
  <testcase name="signup_facebook" time="0.006" classname="com.Signup"/>
  <testcase name="signup_google" time="0.003" classname="com.Signup"/>
  <testcase name="login_email" time="0.0" classname="com.Login">
    <ignored/>
  </testcase> <!-- login_email -->
</testsuite> <!-- login test cases -->
