<?xml version="1.0" encoding="UTF-8"?>
<!-- Generated by org.testng.reporters.JUnitXMLReporter -->
<testsuite hostname="HarishGarg" ignored="0" name="login test cases" tests="3" failures="1" timestamp="11 Aug 2019 05:05:44 GMT" time="0.156" errors="0">
  <testcase name="dividedByZero2" time="0.038" classname="com.dependonmetheods">
    <failure type="java.lang.ArithmeticException" message="/ by zero">
      <![CDATA[java.lang.ArithmeticException: / by zero
	at com.dependonmetheods.dividedByZero2(dependonmetheods.java:18)
... Removed 25 stack frames]]>
    </failure>
  </testcase> <!-- dividedByZero2 -->
  <testcase name="dividedByZero1" time="0.003" classname="com.dependonmetheods"/>
  <testcase name="testcases2" time="0.0" classname="com.dependonmetheods">
    <skipped/>
  </testcase> <!-- testcases2 -->
</testsuite> <!-- login test cases -->
