<?xml version="1.0" encoding="UTF-8"?>
<!-- Generated by org.testng.reporters.JUnitXMLReporter -->
<testsuite hostname="HarishGarg" ignored="0" name="DataProviderExample test cases" tests="3" failures="0" timestamp="10 Aug 2019 12:08:56 GMT" time="0.138" errors="0">
  <testcase name="setData" time="0.028" classname="com.DataProviderExample"/>
  <testcase name="setData" time="0.005" classname="com.DataProviderExample"/>
  <testcase name="setData" time="0.003" classname="com.DataProviderExample"/>
</testsuite> <!-- DataProviderExample test cases -->
