<?xml version="1.0" encoding="UTF-8"?>
<!-- Generated by org.testng.reporters.JUnitXMLReporter -->
<testsuite hostname="HarishGarg" ignored="0" name="executaion with pacakge name " tests="4" failures="0" timestamp="10 Aug 2019 12:13:48 GMT" time="0.107" errors="0">
  <testcase name="login_facebook" time="0.026" classname="com.Login"/>
  <testcase name="login_google" time="0.002" classname="com.Login"/>
  <testcase name="signup_facebook" time="0.002" classname="com.Signup"/>
  <testcase name="signup_google" time="0.002" classname="com.Signup"/>
</testsuite> <!-- executaion with pacakge name  -->
