<?xml version="1.0" encoding="UTF-8"?>
<testng-results skipped="0" failed="0" ignored="0" total="4" passed="4">
  <reporter-output>
  </reporter-output>
  <suite name="TestNG Learning" duration-ms="107" started-at="2019-08-10T12:13:48Z" finished-at="2019-08-10T12:13:48Z">
    <groups>
    </groups>
    <test name="executaion with pacakge name " duration-ms="107" started-at="2019-08-10T12:13:48Z" finished-at="2019-08-10T12:13:48Z">
      <class name="com.Signup">
        <test-method status="PASS" signature="signup_facebook()[pri:0, instance:com.Signup@1ae369b7]" name="signup_facebook" duration-ms="2" started-at="2019-08-10T17:43:48Z" finished-at="2019-08-10T17:43:48Z">
          <reporter-output>
          </reporter-output>
        </test-method> <!-- signup_facebook -->
        <test-method status="PASS" signature="signup_google()[pri:0, instance:com.Signup@1ae369b7]" name="signup_google" duration-ms="2" started-at="2019-08-10T17:43:48Z" finished-at="2019-08-10T17:43:48Z">
          <reporter-output>
          </reporter-output>
        </test-method> <!-- signup_google -->
      </class> <!-- com.Signup -->
      <class name="com.Login">
        <test-method status="PASS" signature="login_facebook()[pri:0, instance:com.Login@3aa9e816]" name="login_facebook" duration-ms="26" started-at="2019-08-10T17:43:48Z" finished-at="2019-08-10T17:43:48Z">
          <reporter-output>
          </reporter-output>
        </test-method> <!-- login_facebook -->
        <test-method status="PASS" signature="login_google()[pri:0, instance:com.Login@3aa9e816]" name="login_google" duration-ms="2" started-at="2019-08-10T17:43:48Z" finished-at="2019-08-10T17:43:48Z">
          <reporter-output>
          </reporter-output>
        </test-method> <!-- login_google -->
      </class> <!-- com.Login -->
    </test> <!-- executaion with pacakge name  -->
  </suite> <!-- TestNG Learning -->
</testng-results>
