<?xml version="1.0" encoding="UTF-8"?>
<testng-results skipped="0" failed="0" ignored="2" total="6" passed="4">
  <reporter-output>
  </reporter-output>
  <suite name="TestNG Learning" duration-ms="98" started-at="2019-10-03T15:20:13Z" finished-at="2019-10-03T15:20:13Z">
    <groups>
      <group name="Sanity">
        <method signature="Login.login_google()[pri:0, instance:com.Login@de0a01f]" name="login_google" class="com.Login"/>
      </group> <!-- Sanity -->
      <group name="UI">
        <method signature="Login.Login_UI()[pri:0, instance:com.Login@de0a01f]" name="Login_UI" class="com.Login"/>
        <method signature="Signup.Signup_UI()[pri:0, instance:com.Signup@6f79caec]" name="Signup_UI" class="com.Signup"/>
      </group> <!-- UI -->
      <group name="Regression">
        <method signature="Login.login_google()[pri:0, instance:com.Login@de0a01f]" name="login_google" class="com.Login"/>
        <method signature="Signup.Signup_google()[pri:0, instance:com.Signup@6f79caec]" name="Signup_google" class="com.Signup"/>
      </group> <!-- Regression -->
    </groups>
    <test name="login test cases" duration-ms="98" started-at="2019-10-03T15:20:13Z" finished-at="2019-10-03T15:20:13Z">
      <class name="com.Login">
        <test-method status="PASS" signature="Login_UI()[pri:0, instance:com.Login@de0a01f]" name="Login_UI" duration-ms="20" started-at="2019-10-03T20:50:13Z" finished-at="2019-10-03T20:50:13Z">
          <reporter-output>
          </reporter-output>
        </test-method> <!-- Login_UI -->
        <test-method status="PASS" signature="login_google()[pri:0, instance:com.Login@de0a01f]" name="login_google" duration-ms="1" started-at="2019-10-03T20:50:13Z" finished-at="2019-10-03T20:50:13Z">
          <reporter-output>
          </reporter-output>
        </test-method> <!-- login_google -->
      </class> <!-- com.Login -->
      <class name="com.Signup">
        <test-method status="PASS" signature="Signup_UI()[pri:0, instance:com.Signup@6f79caec]" name="Signup_UI" duration-ms="0" started-at="2019-10-03T20:50:13Z" finished-at="2019-10-03T20:50:13Z">
          <reporter-output>
          </reporter-output>
        </test-method> <!-- Signup_UI -->
        <test-method status="PASS" signature="Signup_google()[pri:0, instance:com.Signup@6f79caec]" name="Signup_google" duration-ms="0" started-at="2019-10-03T20:50:13Z" finished-at="2019-10-03T20:50:13Z">
          <reporter-output>
          </reporter-output>
        </test-method> <!-- Signup_google -->
      </class> <!-- com.Signup -->
    </test> <!-- login test cases -->
  </suite> <!-- TestNG Learning -->
</testng-results>
