<?xml version="1.0" encoding="UTF-8"?>
<!-- Generated by org.testng.reporters.JUnitXMLReporter -->
<testsuite hostname="HarishGarg" ignored="0" name="base test cases" tests="8" failures="0" timestamp="11 Aug 2019 07:33:23 GMT" time="0.132" errors="0">
  <testcase name="HomePage" time="0.025" classname="com.testcases"/>
  <testcase name="changePassword" time="0.004" classname="com.testcases"/>
  <testcase name="loginTest2" time="0.006" classname="com.testcases"/>
  <testcase name="loginTest3" time="0.003" classname="com.testcases"/>
  <testcase name="HomePage2" time="0.002" classname="com.testcases2"/>
  <testcase name="changePassword2" time="0.002" classname="com.testcases2"/>
  <testcase name="loginTest23" time="0.006" classname="com.testcases2"/>
  <testcase name="loginTest33" time="0.002" classname="com.testcases2"/>
</testsuite> <!-- base test cases -->
