<?xml version="1.0" encoding="UTF-8"?>
<testng-results skipped="0" failed="0" ignored="0" total="4" passed="4">
  <reporter-output>
  </reporter-output>
  <suite name="TestNG Learning" duration-ms="809" started-at="2019-08-10T10:34:20Z" finished-at="2019-08-10T10:34:21Z">
    <groups>
    </groups>
    <test name="login test cases" duration-ms="67" started-at="2019-08-10T10:34:20Z" finished-at="2019-08-10T10:34:20Z">
      <class name="com.Login">
        <test-method status="PASS" signature="beforetest()[pri:0, instance:com.Login@2aafb23c]" name="beforetest" is-config="true" duration-ms="1" started-at="2019-08-10T16:04:20Z" finished-at="2019-08-10T16:04:20Z">
          <reporter-output>
          </reporter-output>
        </test-method> <!-- beforetest -->
        <test-method status="PASS" signature="beforeclass()[pri:0, instance:com.Login@2aafb23c]" name="beforeclass" is-config="true" duration-ms="0" started-at="2019-08-10T16:04:20Z" finished-at="2019-08-10T16:04:20Z">
          <reporter-output>
          </reporter-output>
        </test-method> <!-- beforeclass -->
        <test-method status="PASS" signature="beforemethod()[pri:0, instance:com.Login@2aafb23c]" name="beforemethod" is-config="true" duration-ms="1" started-at="2019-08-10T16:04:20Z" finished-at="2019-08-10T16:04:20Z">
          <reporter-output>
          </reporter-output>
        </test-method> <!-- beforemethod -->
        <test-method status="PASS" signature="login_facebook()[pri:0, instance:com.Login@2aafb23c]" name="login_facebook" duration-ms="11" started-at="2019-08-10T16:04:20Z" finished-at="2019-08-10T16:04:20Z">
          <reporter-output>
          </reporter-output>
        </test-method> <!-- login_facebook -->
        <test-method status="PASS" signature="aftermethod()[pri:0, instance:com.Login@2aafb23c]" name="aftermethod" is-config="true" duration-ms="1" started-at="2019-08-10T16:04:20Z" finished-at="2019-08-10T16:04:20Z">
          <reporter-output>
          </reporter-output>
        </test-method> <!-- aftermethod -->
        <test-method status="PASS" signature="beforemethod()[pri:0, instance:com.Login@2aafb23c]" name="beforemethod" is-config="true" duration-ms="1" started-at="2019-08-10T16:04:20Z" finished-at="2019-08-10T16:04:20Z">
          <reporter-output>
          </reporter-output>
        </test-method> <!-- beforemethod -->
        <test-method status="PASS" signature="login_google()[pri:0, instance:com.Login@2aafb23c]" name="login_google" duration-ms="2" started-at="2019-08-10T16:04:20Z" finished-at="2019-08-10T16:04:20Z">
          <reporter-output>
          </reporter-output>
        </test-method> <!-- login_google -->
        <test-method status="PASS" signature="aftermethod()[pri:0, instance:com.Login@2aafb23c]" name="aftermethod" is-config="true" duration-ms="0" started-at="2019-08-10T16:04:20Z" finished-at="2019-08-10T16:04:20Z">
          <reporter-output>
          </reporter-output>
        </test-method> <!-- aftermethod -->
        <test-method status="PASS" signature="afterclass()[pri:0, instance:com.Login@2aafb23c]" name="afterclass" is-config="true" duration-ms="0" started-at="2019-08-10T16:04:20Z" finished-at="2019-08-10T16:04:20Z">
          <reporter-output>
          </reporter-output>
        </test-method> <!-- afterclass -->
        <test-method status="PASS" signature="aftertest()[pri:0, instance:com.Login@2aafb23c]" name="aftertest" is-config="true" duration-ms="0" started-at="2019-08-10T16:04:20Z" finished-at="2019-08-10T16:04:20Z">
          <reporter-output>
          </reporter-output>
        </test-method> <!-- aftertest -->
      </class> <!-- com.Login -->
    </test> <!-- login test cases -->
    <test name="Signup test cases" duration-ms="29" started-at="2019-08-10T10:34:21Z" finished-at="2019-08-10T10:34:21Z">
      <class name="com.Signup">
        <test-method status="PASS" signature="beforesuite()[pri:0, instance:com.Signup@4563e9ab]" name="beforesuite" is-config="true" duration-ms="32" started-at="2019-08-10T16:04:20Z" finished-at="2019-08-10T16:04:20Z">
          <reporter-output>
          </reporter-output>
        </test-method> <!-- beforesuite -->
        <test-method status="PASS" signature="beforetest()[pri:0, instance:com.Signup@4563e9ab]" name="beforetest" is-config="true" duration-ms="1" started-at="2019-08-10T16:04:21Z" finished-at="2019-08-10T16:04:21Z">
          <reporter-output>
          </reporter-output>
        </test-method> <!-- beforetest -->
        <test-method status="PASS" signature="beforeclass()[pri:0, instance:com.Signup@4563e9ab]" name="beforeclass" is-config="true" duration-ms="0" started-at="2019-08-10T16:04:21Z" finished-at="2019-08-10T16:04:21Z">
          <reporter-output>
          </reporter-output>
        </test-method> <!-- beforeclass -->
        <test-method status="PASS" signature="beforemethod()[pri:0, instance:com.Signup@4563e9ab]" name="beforemethod" is-config="true" duration-ms="1" started-at="2019-08-10T16:04:21Z" finished-at="2019-08-10T16:04:21Z">
          <reporter-output>
          </reporter-output>
        </test-method> <!-- beforemethod -->
        <test-method status="PASS" signature="signup_facebook()[pri:0, instance:com.Signup@4563e9ab]" name="signup_facebook" duration-ms="3" started-at="2019-08-10T16:04:21Z" finished-at="2019-08-10T16:04:21Z">
          <reporter-output>
          </reporter-output>
        </test-method> <!-- signup_facebook -->
        <test-method status="PASS" signature="aftermethod()[pri:0, instance:com.Signup@4563e9ab]" name="aftermethod" is-config="true" duration-ms="1" started-at="2019-08-10T16:04:21Z" finished-at="2019-08-10T16:04:21Z">
          <reporter-output>
          </reporter-output>
        </test-method> <!-- aftermethod -->
        <test-method status="PASS" signature="beforemethod()[pri:0, instance:com.Signup@4563e9ab]" name="beforemethod" is-config="true" duration-ms="1" started-at="2019-08-10T16:04:21Z" finished-at="2019-08-10T16:04:21Z">
          <reporter-output>
          </reporter-output>
        </test-method> <!-- beforemethod -->
        <test-method status="PASS" signature="signup_google()[pri:0, instance:com.Signup@4563e9ab]" name="signup_google" duration-ms="3" started-at="2019-08-10T16:04:21Z" finished-at="2019-08-10T16:04:21Z">
          <reporter-output>
          </reporter-output>
        </test-method> <!-- signup_google -->
        <test-method status="PASS" signature="aftermethod()[pri:0, instance:com.Signup@4563e9ab]" name="aftermethod" is-config="true" duration-ms="2" started-at="2019-08-10T16:04:21Z" finished-at="2019-08-10T16:04:21Z">
          <reporter-output>
          </reporter-output>
        </test-method> <!-- aftermethod -->
        <test-method status="PASS" signature="afterclass()[pri:0, instance:com.Signup@4563e9ab]" name="afterclass" is-config="true" duration-ms="0" started-at="2019-08-10T16:04:21Z" finished-at="2019-08-10T16:04:21Z">
          <reporter-output>
          </reporter-output>
        </test-method> <!-- afterclass -->
        <test-method status="PASS" signature="aftertest()[pri:0, instance:com.Signup@4563e9ab]" name="aftertest" is-config="true" duration-ms="1" started-at="2019-08-10T16:04:21Z" finished-at="2019-08-10T16:04:21Z">
          <reporter-output>
          </reporter-output>
        </test-method> <!-- aftertest -->
        <test-method status="PASS" signature="aftersuite()[pri:0, instance:com.Signup@4563e9ab]" name="aftersuite" is-config="true" duration-ms="1" started-at="2019-08-10T16:04:21Z" finished-at="2019-08-10T16:04:21Z">
          <reporter-output>
          </reporter-output>
        </test-method> <!-- aftersuite -->
      </class> <!-- com.Signup -->
    </test> <!-- Signup test cases -->
  </suite> <!-- TestNG Learning -->
</testng-results>
