<?xml version="1.0" encoding="UTF-8"?>
<testng-results skipped="0" failed="0" ignored="2" total="5" passed="3">
  <reporter-output>
  </reporter-output>
  <suite name="TestNG Learning" duration-ms="112" started-at="2019-08-10T11:07:47Z" finished-at="2019-08-10T11:07:48Z">
    <groups>
      <group name="Sanity">
        <method signature="Login.login_google()[pri:0, instance:com.Login@7006c658]" name="login_google" class="com.Login"/>
      </group> <!-- Sanity -->
      <group name="Regression">
        <method signature="Login.login_facebook()[pri:0, instance:com.Login@7006c658]" name="login_facebook" class="com.Login"/>
        <method signature="Login.login_google()[pri:0, instance:com.Login@7006c658]" name="login_google" class="com.Login"/>
        <method signature="Signup.signup_google()[pri:0, instance:com.Signup@7cdbc5d3]" name="signup_google" class="com.Signup"/>
      </group> <!-- Regression -->
    </groups>
    <test name="login test cases" duration-ms="112" started-at="2019-08-10T11:07:47Z" finished-at="2019-08-10T11:07:48Z">
      <class name="com.Login">
        <test-method status="PASS" signature="login_facebook()[pri:0, instance:com.Login@7006c658]" name="login_facebook" duration-ms="25" started-at="2019-08-10T16:37:47Z" finished-at="2019-08-10T16:37:47Z">
          <reporter-output>
          </reporter-output>
        </test-method> <!-- login_facebook -->
        <test-method status="PASS" signature="login_google()[pri:0, instance:com.Login@7006c658]" name="login_google" duration-ms="2" started-at="2019-08-10T16:37:47Z" finished-at="2019-08-10T16:37:47Z">
          <reporter-output>
          </reporter-output>
        </test-method> <!-- login_google -->
      </class> <!-- com.Login -->
      <class name="com.Signup">
        <test-method status="PASS" signature="signup_google()[pri:0, instance:com.Signup@7cdbc5d3]" name="signup_google" duration-ms="4" started-at="2019-08-10T16:37:48Z" finished-at="2019-08-10T16:37:48Z">
          <reporter-output>
          </reporter-output>
        </test-method> <!-- signup_google -->
      </class> <!-- com.Signup -->
    </test> <!-- login test cases -->
  </suite> <!-- TestNG Learning -->
</testng-results>
