<?xml version="1.0" encoding="UTF-8"?>
<!-- Generated by org.testng.reporters.JUnitXMLReporter -->
<testsuite hostname="HarishGarg" ignored="0" name="login test cases" tests="2" failures="0" timestamp="10 Aug 2019 11:57:11 GMT" time="0.123" errors="0">
  <testcase name="testCaseConditionalSkipException" time="0.039" classname="com.expectedExceptions">
    <skipped/>
  </testcase> <!-- testCaseConditionalSkipException -->
  <testcase name="testCaseSkipException" time="0.003" classname="com.expectedExceptions">
    <skipped/>
  </testcase> <!-- testCaseSkipException -->
</testsuite> <!-- login test cases -->
