<?xml version="1.0" encoding="UTF-8"?>
<testng-results skipped="0" failed="0" ignored="1" total="5" passed="4">
  <reporter-output>
  </reporter-output>
  <suite name="TestNG Learning" duration-ms="153" started-at="2019-08-10T11:16:33Z" finished-at="2019-08-10T11:16:33Z">
    <groups>
      <group name="Sanity">
        <method signature="Login.login_google()[pri:0, instance:com.Login@47fd17e3]" name="login_google" class="com.Login"/>
        <method signature="Signup.signup_facebook()[pri:0, instance:com.Signup@17d99928]" name="signup_facebook" class="com.Signup"/>
      </group> <!-- Sanity -->
      <group name="Regression">
        <method signature="Login.login_facebook()[pri:0, instance:com.Login@47fd17e3]" name="login_facebook" class="com.Login"/>
        <method signature="Login.login_google()[pri:0, instance:com.Login@47fd17e3]" name="login_google" class="com.Login"/>
        <method signature="Signup.signup_google()[pri:0, instance:com.Signup@17d99928]" name="signup_google" class="com.Signup"/>
      </group> <!-- Regression -->
    </groups>
    <test name="login test cases" duration-ms="153" started-at="2019-08-10T11:16:33Z" finished-at="2019-08-10T11:16:33Z">
      <class name="com.Login">
        <test-method status="PASS" signature="login_facebook()[pri:0, instance:com.Login@47fd17e3]" name="login_facebook" duration-ms="32" started-at="2019-08-10T16:46:33Z" finished-at="2019-08-10T16:46:33Z">
          <reporter-output>
          </reporter-output>
        </test-method> <!-- login_facebook -->
        <test-method status="PASS" signature="login_google()[pri:0, instance:com.Login@47fd17e3]" name="login_google" duration-ms="8" started-at="2019-08-10T16:46:33Z" finished-at="2019-08-10T16:46:33Z">
          <reporter-output>
          </reporter-output>
        </test-method> <!-- login_google -->
      </class> <!-- com.Login -->
      <class name="com.Signup">
        <test-method status="PASS" signature="signup_facebook()[pri:0, instance:com.Signup@17d99928]" name="signup_facebook" duration-ms="6" started-at="2019-08-10T16:46:33Z" finished-at="2019-08-10T16:46:33Z">
          <reporter-output>
          </reporter-output>
        </test-method> <!-- signup_facebook -->
        <test-method status="PASS" signature="signup_google()[pri:0, instance:com.Signup@17d99928]" name="signup_google" duration-ms="3" started-at="2019-08-10T16:46:33Z" finished-at="2019-08-10T16:46:33Z">
          <reporter-output>
          </reporter-output>
        </test-method> <!-- signup_google -->
      </class> <!-- com.Signup -->
    </test> <!-- login test cases -->
  </suite> <!-- TestNG Learning -->
</testng-results>
