<?xml version="1.0" encoding="UTF-8"?>
<!-- Generated by org.testng.reporters.JUnitXMLReporter -->
<testsuite hostname="HarishGarg" ignored="0" name="login test cases" tests="2" failures="1" timestamp="10 Aug 2019 11:48:21 GMT" time="0.194" errors="0">
  <testcase name="dividedByZero1" time="0.038" classname="com.expectedExceptions"/>
  <testcase name="dividedByZero2" time="0.002" classname="com.expectedExceptions">
    <failure type="java.lang.ArithmeticException" message="/ by zero">
      <![CDATA[java.lang.ArithmeticException: / by zero
	at com.expectedExceptions.dividedByZero2(expectedExceptions.java:18)
... Removed 25 stack frames]]>
    </failure>
  </testcase> <!-- dividedByZero2 -->
</testsuite> <!-- login test cases -->
