<?xml version="1.0" encoding="UTF-8"?>
<testng-results skipped="0" failed="0" ignored="0" total="2" passed="2">
  <reporter-output>
  </reporter-output>
  <suite name="TestNG Learning" duration-ms="203" started-at="2019-08-11T05:11:06Z" finished-at="2019-08-11T05:11:06Z">
    <groups>
    </groups>
    <test name="login test cases" duration-ms="203" started-at="2019-08-11T05:11:06Z" finished-at="2019-08-11T05:11:06Z">
      <class name="com.Login">
        <test-method status="PASS" signature="login_facebook(java.lang.String, java.lang.String)[pri:0, instance:com.Login@61a52fbd]" name="login_facebook" duration-ms="60" started-at="2019-08-11T10:41:06Z" finished-at="2019-08-11T10:41:06Z">
          <params>
            <param index="0">
              <value>
                <![CDATA[testuser]]>
              </value>
            </param>
            <param index="1">
              <value>
                <![CDATA[testpassword]]>
              </value>
            </param>
          </params>
          <reporter-output>
          </reporter-output>
        </test-method> <!-- login_facebook -->
        <test-method status="PASS" signature="login_google(java.lang.String)[pri:0, instance:com.Login@61a52fbd]" name="login_google" duration-ms="5" started-at="2019-08-11T10:41:06Z" finished-at="2019-08-11T10:41:06Z">
          <params>
            <param index="0">
              <value>
                <![CDATA[Firefox]]>
              </value>
            </param>
          </params>
          <reporter-output>
          </reporter-output>
        </test-method> <!-- login_google -->
      </class> <!-- com.Login -->
    </test> <!-- login test cases -->
  </suite> <!-- TestNG Learning -->
</testng-results>
