<?xml version="1.0" encoding="UTF-8"?>
<testng-results skipped="0" failed="0" ignored="0" total="3" passed="3">
  <reporter-output>
  </reporter-output>
  <suite name="TestNG Learning" duration-ms="138" started-at="2019-08-10T12:08:56Z" finished-at="2019-08-10T12:08:56Z">
    <groups>
    </groups>
    <test name="DataProviderExample test cases" duration-ms="138" started-at="2019-08-10T12:08:56Z" finished-at="2019-08-10T12:08:56Z">
      <class name="com.DataProviderExample">
        <test-method status="PASS" signature="setData(java.lang.String, java.lang.String)[pri:0, instance:com.DataProviderExample@61443d8f]" name="setData" duration-ms="28" started-at="2019-08-10T17:38:56Z" data-provider="getData" finished-at="2019-08-10T17:38:56Z">
          <params>
            <param index="0">
              <value>
                <![CDATA[Username1]]>
              </value>
            </param>
            <param index="1">
              <value>
                <![CDATA[password1]]>
              </value>
            </param>
          </params>
          <reporter-output>
          </reporter-output>
        </test-method> <!-- setData -->
        <test-method status="PASS" signature="setData(java.lang.String, java.lang.String)[pri:0, instance:com.DataProviderExample@61443d8f]" name="setData" duration-ms="5" started-at="2019-08-10T17:38:56Z" data-provider="getData" finished-at="2019-08-10T17:38:56Z">
          <params>
            <param index="0">
              <value>
                <![CDATA[Username2]]>
              </value>
            </param>
            <param index="1">
              <value>
                <![CDATA[password2]]>
              </value>
            </param>
          </params>
          <reporter-output>
          </reporter-output>
        </test-method> <!-- setData -->
        <test-method status="PASS" signature="setData(java.lang.String, java.lang.String)[pri:0, instance:com.DataProviderExample@61443d8f]" name="setData" duration-ms="3" started-at="2019-08-10T17:38:56Z" data-provider="getData" finished-at="2019-08-10T17:38:56Z">
          <params>
            <param index="0">
              <value>
                <![CDATA[Username3]]>
              </value>
            </param>
            <param index="1">
              <value>
                <![CDATA[password3]]>
              </value>
            </param>
          </params>
          <reporter-output>
          </reporter-output>
        </test-method> <!-- setData -->
      </class> <!-- com.DataProviderExample -->
    </test> <!-- DataProviderExample test cases -->
  </suite> <!-- TestNG Learning -->
</testng-results>
