<?xml version="1.0" encoding="UTF-8"?>
<!-- Generated by org.testng.reporters.JUnitXMLReporter -->
<testsuite hostname="HarishGarg" ignored="0" name="Default test" tests="4" failures="0" timestamp="08 Aug 2019 07:09:03 GMT" time="0.128" errors="0">
  <testcase name="changePassword" time="0.029" classname="com.testcases"/>
  <testcase name="loginTest2" time="0.003" classname="com.testcases"/>
  <testcase name="loginTest3" time="0.005" classname="com.testcases"/>
  <testcase name="HomePage" time="0.003" classname="com.testcases"/>
</testsuite> <!-- Default test -->
