<?xml version="1.0" encoding="UTF-8"?>
<!-- Generated by org.testng.reporters.JUnitXMLReporter -->
<testsuite hostname="HarishGarg" ignored="2" name="login test cases" tests="3" failures="0" timestamp="10 Aug 2019 11:07:48 GMT" time="0.112" errors="0">
  <testcase name="login_facebook" time="0.025" classname="com.Login"/>
  <testcase name="login_google" time="0.002" classname="com.Login"/>
  <testcase name="signup_google" time="0.004" classname="com.Signup"/>
  <testcase name="signup_facebook" time="0.0" classname="com.Signup">
    <ignored/>
  </testcase> <!-- signup_facebook -->
  <testcase name="login_email" time="0.0" classname="com.Login">
    <ignored/>
  </testcase> <!-- login_email -->
</testsuite> <!-- login test cases -->
