<?xml version="1.0" encoding="UTF-8"?>
<testng-results skipped="0" failed="0" total="2" passed="2">
  <reporter-output>
  </reporter-output>
  <suite name="TestNG Learning" duration-ms="210" started-at="2019-10-12T08:19:53Z" finished-at="2019-10-12T08:19:53Z">
    <groups>
    </groups>
    <test name="Login test cases" duration-ms="210" started-at="2019-10-12T08:19:53Z" finished-at="2019-10-12T08:19:53Z">
      <class name="testcases.Login">
        <test-method status="PASS" signature="Login_facebook()[pri:0, instance:testcases.Login@33a10788]" name="Login_facebook" duration-ms="112" started-at="2019-10-12T13:49:53Z" finished-at="2019-10-12T13:49:53Z">
          <reporter-output>
          </reporter-output>
        </test-method> <!-- Login_facebook -->
        <test-method status="PASS" signature="login_google()[pri:0, instance:testcases.Login@33a10788]" name="login_google" duration-ms="3" started-at="2019-10-12T13:49:53Z" finished-at="2019-10-12T13:49:53Z">
          <reporter-output>
          </reporter-output>
        </test-method> <!-- login_google -->
      </class> <!-- testcases.Login -->
    </test> <!-- Login test cases -->
  </suite> <!-- TestNG Learning -->
</testng-results>
